0 verbose cli [ '/opt/conda/bin/node', '/opt/conda/bin/npm', 'pack', '/jupyterlab' ]
1 info using npm@8.5.5
2 info using node@v17.8.0
3 timing npm:load:whichnode Completed in 1ms
4 timing config:load:defaults Completed in 3ms
5 timing config:load:file:/opt/conda/lib/node_modules/npm/npmrc Completed in 3ms
6 timing config:load:builtin Completed in 4ms
7 timing config:load:cli Completed in 3ms
8 timing config:load:env Completed in 1ms
9 timing config:load:file:/tmp/tmp9uouvune/.npmrc Completed in 1ms
10 timing config:load:project Completed in 3ms
11 timing config:load:file:/home/jovyan/.npmrc Completed in 0ms
12 timing config:load:user Completed in 1ms
13 timing config:load:file:/opt/conda/etc/npmrc Completed in 0ms
14 timing config:load:global Completed in 0ms
15 timing config:load:validate Completed in 0ms
16 timing config:load:credentials Completed in 1ms
17 timing config:load:setEnvs Completed in 2ms
18 timing config:load Completed in 21ms
19 timing npm:load:configload Completed in 22ms
20 timing npm:load:setTitle Completed in 1ms
21 timing config:load:flatten Completed in 6ms
22 timing npm:load:display Completed in 8ms
23 verbose logfile /home/jovyan/.npm/_logs/2022-05-12T13_13_20_998Z-debug-0.log
24 timing npm:load:logFile Completed in 11ms
25 timing npm:load:timers Completed in 0ms
26 timing npm:load:configScope Completed in 0ms
27 timing npm:load Completed in 43ms
28 silly logfile start cleaning logs, removing 1 files
29 notice
30 notice 📦  swirrlui@0.1.0
31 notice === Tarball Contents ===
32 notice 1.5kB LICENSE                                        
32 notice 810B  README.md                                      
32 notice 206B  lib/components/App.d.ts                        
32 notice 5.0kB lib/components/App.js                          
32 notice 376B  lib/components/ApplicationConfig.d.ts          
32 notice 433B  lib/components/ApplicationConfig.js            
32 notice 1.1kB lib/components/ApplicationContext.d.ts         
32 notice 679B  lib/components/ApplicationContext.js           
32 notice 117B  lib/components/Info.d.ts                       
32 notice 837B  lib/components/Info.js                         
32 notice 65B   lib/components/Login.d.ts                      
32 notice 2.9kB lib/components/Login.js                        
32 notice 516B  lib/components/modals/ActivityInfoModal.d.ts   
32 notice 6.5kB lib/components/modals/ActivityInfoModal.js     
32 notice 207B  lib/components/modals/LoginModal.d.ts          
32 notice 2.0kB lib/components/modals/LoginModal.js            
32 notice 414B  lib/components/modals/RestoreNotebookModal.d.ts
32 notice 3.3kB lib/components/modals/RestoreNotebookModal.js  
32 notice 88B   lib/components/SwirrlHeader.d.ts               
32 notice 1.1kB lib/components/SwirrlHeader.js                 
32 notice 266B  lib/components/WidgetHeader.d.ts               
32 notice 1.2kB lib/components/WidgetHeader.js                 
32 notice 432B  lib/components/widgets/ActivityRow.d.ts        
32 notice 5.5kB lib/components/widgets/ActivityRow.js          
32 notice 298B  lib/components/widgets/ActivityTable.d.ts      
32 notice 4.2kB lib/components/widgets/ActivityTable.js        
32 notice 263B  lib/components/widgets/DataStagingWidget.d.ts  
32 notice 1.4kB lib/components/widgets/DataStagingWidget.js    
32 notice 176B  lib/components/widgets/Github.d.ts             
32 notice 6.9kB lib/components/widgets/Github.js               
32 notice 374B  lib/components/widgets/SnapshotWidget.d.ts     
32 notice 3.8kB lib/components/widgets/SnapshotWidget.js       
32 notice 440B  lib/components/widgets/StatusWidget.d.ts       
32 notice 1.1kB lib/components/widgets/StatusWidget.js         
32 notice 210B  lib/index.d.ts                                 
32 notice 833B  lib/index.js                                   
32 notice 349B  lib/utils/github.d.ts                          
32 notice 1.9kB lib/utils/github.js                            
32 notice 1.2kB lib/utils/parseActivity.d.ts                   
32 notice 3.3kB lib/utils/parseActivity.js                     
32 notice 2.7kB lib/utils/swirrlApi.d.ts                       
32 notice 5.0kB lib/utils/swirrlApi.js                         
32 notice 81B   lib/utils/useIntervalHook.d.ts                 
32 notice 529B  lib/utils/useIntervalHook.js                   
32 notice 3.8kB package.json                                   
32 notice 397B  style/base.css                                 
32 notice 21B   style/index.js                                 
33 notice === Tarball Details ===
34 notice name:          swirrlui                                
34 notice version:       0.1.0                                   
34 notice filename:      swirrlui-0.1.0.tgz                      
34 notice package size:  17.5 kB                                 
34 notice unpacked size: 75.0 kB                                 
34 notice shasum:        802cf4b06f3ed4471e3167124ba546610296f0b4
34 notice integrity:     sha512-e4Q+fO4JpUo7m[...]3FEVpP1s/U3Ng==
34 notice total files:   47                                      
35 notice
36 timing command:pack Completed in 252ms
37 verbose exit 0
38 timing npm Completed in 826ms
39 info ok
